<?xml version="1.0" encoding="UTF-8"?>
<testng-results ignored="0" total="1" passed="1" failed="0" skipped="0">
  <reporter-output>
  </reporter-output>
  <suite started-at="2023-08-02T11:07:00 IST" name="Argus Suite" finished-at="2023-08-02T11:08:44 IST" duration-ms="103601">
    <groups>
      <group name="regression">
        <method signature="LoginE2ETest.testCorrectUserNameAndPassword(com.dpworld.automation.data.login.LoginData)[pri:0, instance:com.dpworld.automation.e2e.login.LoginE2ETest@49049a04]" name="testCorrectUserNameAndPassword" class="com.dpworld.automation.e2e.login.LoginE2ETest"/>
      </group> <!-- regression -->
    </groups>
    <test started-at="2023-08-02T11:07:00 IST" name="Direct MAWB with AutoSell functionality" finished-at="2023-08-02T11:08:44 IST" duration-ms="103601">
      <class name="com.dpworld.automation.e2e.login.LoginE2ETest">
        <test-method is-config="true" signature="setup()[pri:0, instance:com.dpworld.automation.e2e.login.LoginE2ETest@49049a04]" started-at="2023-08-02T11:07:00 IST" name="setup" finished-at="2023-08-02T11:07:08 IST" duration-ms="7758" status="PASS">
          <reporter-output>
          </reporter-output>
        </test-method> <!-- setup -->
        <test-method is-config="true" signature="createBrowserContextAndPage()[pri:0, instance:com.dpworld.automation.e2e.login.LoginE2ETest@49049a04]" started-at="2023-08-02T11:07:08 IST" name="createBrowserContextAndPage" finished-at="2023-08-02T11:07:08 IST" duration-ms="0" status="PASS">
          <reporter-output>
          </reporter-output>
        </test-method> <!-- createBrowserContextAndPage -->
        <test-method signature="testCorrectUserNameAndPassword(com.dpworld.automation.data.login.LoginData)[pri:0, instance:com.dpworld.automation.e2e.login.LoginE2ETest@49049a04]" started-at="2023-08-02T11:07:08 IST" name="testCorrectUserNameAndPassword" data-provider="loginData" finished-at="2023-08-02T11:08:43 IST" duration-ms="95535" status="PASS">
          <params>
            <param index="0">
              <value>
                <![CDATA[LoginData(super=BaseData(testCaseId=Login-1, testCaseDescription=Correct username and correct password should redirect to 'Home' page, loginData=null), userName=shuvendu.dash@dpworld.com, password=Welcome@100, errorMessage=, company=null, tenantId=null)]]>
              </value>
            </param>
          </params>
          <reporter-output>
          </reporter-output>
        </test-method> <!-- testCorrectUserNameAndPassword -->
        <test-method is-config="true" signature="captureScreenshotOnFailureAndCloseBrowserContext(org.testng.ITestResult)[pri:0, instance:com.dpworld.automation.e2e.login.LoginE2ETest@49049a04]" started-at="2023-08-02T11:08:43 IST" name="captureScreenshotOnFailureAndCloseBrowserContext" finished-at="2023-08-02T11:08:43 IST" duration-ms="2" status="PASS">
          <params>
            <param index="0">
              <value>
                <![CDATA[[TestResult name=testCorrectUserNameAndPassword status=SUCCESS method=LoginE2ETest.testCorrectUserNameAndPassword(com.dpworld.automation.data.login.LoginData)[pri:0, instance:com.dpworld.automation.e2e.login.LoginE2ETest@49049a04] output={null}]]]>
              </value>
            </param>
          </params>
          <reporter-output>
          </reporter-output>
        </test-method> <!-- captureScreenshotOnFailureAndCloseBrowserContext -->
        <test-method is-config="true" signature="teardown()[pri:0, instance:com.dpworld.automation.e2e.login.LoginE2ETest@49049a04]" started-at="2023-08-02T11:08:43 IST" name="teardown" finished-at="2023-08-02T11:08:44 IST" duration-ms="199" status="PASS">
          <reporter-output>
          </reporter-output>
        </test-method> <!-- teardown -->
      </class> <!-- com.dpworld.automation.e2e.login.LoginE2ETest -->
    </test> <!-- Direct MAWB with AutoSell functionality -->
  </suite> <!-- Argus Suite -->
</testng-results>
